# JRE version: Java(TM) SE Runtime Environment (8.0_65-b17) (build 1.8.0_65-b17)
# Java VM: Java HotSpot(TM) 64-Bit Server VM (25.65-b01 mixed mode bsd-amd64 compressed oops)
Heap:
 PSYoungGen      total 870912K, used 115169K [0x000000076ab00000, 0x00000007ad400000, 0x00000007c0000000)
  eden space 755712K, 0% used [0x000000076ab00000,0x000000076ab00000,0x0000000798d00000)
  from space 115200K, 99% used [0x00000007a1f80000,0x00000007a8ff8758,0x00000007a9000000)
  to   space 150016K, 0% used [0x0000000798d00000,0x0000000798d00000,0x00000007a1f80000)
 ParOldGen       total 175104K, used 172095K [0x00000006c0000000, 0x00000006cab00000, 0x000000076ab00000)
  object space 175104K, 98% used [0x00000006c0000000,0x00000006ca80fc70,0x00000006cab00000)
 Metaspace       used 6643K, capacity 7320K, committed 7680K, reserved 1056768K
  class space    used 620K, capacity 656K, committed 768K, reserved 1048576K
GC Heap History (10 events):
Event: 1.683 GC heap after
Heap after GC invocations=6 (full 0):
 PSYoungGen      total 295936K, used 28652K [0x000000076ab00000, 0x000000077fb00000, 0x00000007c0000000)
  eden space 258560K, 0% used [0x000000076ab00000,0x000000076ab00000,0x000000077a780000)
  from space 37376K, 76% used [0x000000077cf80000,0x000000077eb7b320,0x000000077f400000)
  to   space 40960K, 0% used [0x000000077a780000,0x000000077a780000,0x000000077cf80000)
 ParOldGen       total 175104K, used 38570K [0x00000006c0000000, 0x00000006cab00000, 0x000000076ab00000)
  object space 175104K, 22% used [0x00000006c0000000,0x00000006c25aaa08,0x00000006cab00000)
 Metaspace       used 6412K, capacity 7192K, committed 7424K, reserved 1056768K
  class space    used 618K, capacity 656K, committed 768K, reserved 1048576K
}
Event: 2.126 GC heap before
{Heap before GC invocations=7 (full 0):
 PSYoungGen      total 295936K, used 287212K [0x000000076ab00000, 0x000000077fb00000, 0x00000007c0000000)
  eden space 258560K, 100% used [0x000000076ab00000,0x000000077a780000,0x000000077a780000)
  from space 37376K, 76% used [0x000000077cf80000,0x000000077eb7b320,0x000000077f400000)
  to   space 40960K, 0% used [0x000000077a780000,0x000000077a780000,0x000000077cf80000)
 ParOldGen       total 175104K, used 38570K [0x00000006c0000000, 0x00000006cab00000, 0x000000076ab00000)
  object space 175104K, 22% used [0x00000006c0000000,0x00000006c25aaa08,0x00000006cab00000)
 Metaspace       used 6535K, capacity 7256K, committed 7424K, reserved 1056768K
  class space    used 618K, capacity 656K, committed 768K, reserved 1048576K
Event: 2.183 GC heap after
Heap after GC invocations=7 (full 0):
 PSYoungGen      total 299520K, used 40933K [0x000000076ab00000, 0x0000000791900000, 0x00000007c0000000)
  eden space 258560K, 0% used [0x000000076ab00000,0x000000076ab00000,0x000000077a780000)
  from space 40960K, 99% used [0x000000077a780000,0x000000077cf797b8,0x000000077cf80000)
  to   space 59904K, 0% used [0x000000078de80000,0x000000078de80000,0x0000000791900000)
 ParOldGen       total 175104K, used 60709K [0x00000006c0000000, 0x00000006cab00000, 0x000000076ab00000)
  object space 175104K, 34% used [0x00000006c0000000,0x00000006c3b49520,0x00000006cab00000)
 Metaspace       used 6535K, capacity 7256K, committed 7424K, reserved 1056768K
  class space    used 618K, capacity 656K, committed 768K, reserved 1048576K
}
Event: 2.539 GC heap before
{Heap before GC invocations=8 (full 0):
 PSYoungGen      total 299520K, used 299493K [0x000000076ab00000, 0x0000000791900000, 0x00000007c0000000)
  eden space 258560K, 100% used [0x000000076ab00000,0x000000077a780000,0x000000077a780000)
  from space 40960K, 99% used [0x000000077a780000,0x000000077cf797b8,0x000000077cf80000)
  to   space 59904K, 0% used [0x000000078de80000,0x000000078de80000,0x0000000791900000)
 ParOldGen       total 175104K, used 60709K [0x00000006c0000000, 0x00000006cab00000, 0x000000076ab00000)
  object space 175104K, 34% used [0x00000006c0000000,0x00000006c3b49520,0x00000006cab00000)
 Metaspace       used 6587K, capacity 7320K, committed 7680K, reserved 1056768K
  class space    used 618K, capacity 656K, committed 768K, reserved 1048576K
Event: 2.611 GC heap after
Heap after GC invocations=8 (full 0):
 PSYoungGen      total 553984K, used 59881K [0x000000076ab00000, 0x0000000794600000, 0x00000007c0000000)
  eden space 494080K, 0% used [0x000000076ab00000,0x000000076ab00000,0x0000000788d80000)
  from space 59904K, 99% used [0x000000078de80000,0x00000007918fa5e8,0x0000000791900000)
  to   space 82944K, 0% used [0x0000000788d80000,0x0000000788d80000,0x000000078de80000)
 ParOldGen       total 175104K, used 87406K [0x00000006c0000000, 0x00000006cab00000, 0x000000076ab00000)
  object space 175104K, 49% used [0x00000006c0000000,0x00000006c555b988,0x00000006cab00000)
 Metaspace       used 6587K, capacity 7320K, committed 7680K, reserved 1056768K
  class space    used 618K, capacity 656K, committed 768K, reserved 1048576K
}
Event: 3.280 GC heap before
{Heap before GC invocations=9 (full 0):
 PSYoungGen      total 553984K, used 553961K [0x000000076ab00000, 0x0000000794600000, 0x00000007c0000000)
  eden space 494080K, 100% used [0x000000076ab00000,0x0000000788d80000,0x0000000788d80000)
  from space 59904K, 99% used [0x000000078de80000,0x00000007918fa5e8,0x0000000791900000)
  to   space 82944K, 0% used [0x0000000788d80000,0x0000000788d80000,0x000000078de80000)
 ParOldGen       total 175104K, used 87406K [0x00000006c0000000, 0x00000006cab00000, 0x000000076ab00000)
  object space 175104K, 49% used [0x00000006c0000000,0x00000006c555b988,0x00000006cab00000)
 Metaspace       used 6620K, capacity 7320K, committed 7680K, reserved 1056768K
  class space    used 619K, capacity 656K, committed 768K, reserved 1048576K
Event: 3.380 GC heap after
Heap after GC invocations=9 (full 0):
 PSYoungGen      total 577024K, used 82912K [0x000000076ab00000, 0x00000007a9000000, 0x00000007c0000000)
  eden space 494080K, 0% used [0x000000076ab00000,0x000000076ab00000,0x0000000788d80000)
  from space 82944K, 99% used [0x0000000788d80000,0x000000078de78048,0x000000078de80000)
  to   space 115200K, 0% used [0x00000007a1f80000,0x00000007a1f80000,0x00000007a9000000)
 ParOldGen       total 175104K, used 130847K [0x00000006c0000000, 0x00000006cab00000, 0x000000076ab00000)
  object space 175104K, 74% used [0x00000006c0000000,0x00000006c7fc7e18,0x00000006cab00000)
 Metaspace       used 6620K, capacity 7320K, committed 7680K, reserved 1056768K
  class space    used 619K, capacity 656K, committed 768K, reserved 1048576K
}
Event: 4.073 GC heap before
{Heap before GC invocations=10 (full 0):
 PSYoungGen      total 577024K, used 576992K [0x000000076ab00000, 0x00000007a9000000, 0x00000007c0000000)
  eden space 494080K, 100% used [0x000000076ab00000,0x0000000788d80000,0x0000000788d80000)
  from space 82944K, 99% used [0x0000000788d80000,0x000000078de78048,0x000000078de80000)
  to   space 115200K, 0% used [0x00000007a1f80000,0x00000007a1f80000,0x00000007a9000000)
 ParOldGen       total 175104K, used 130847K [0x00000006c0000000, 0x00000006cab00000, 0x000000076ab00000)
  object space 175104K, 74% used [0x00000006c0000000,0x00000006c7fc7e18,0x00000006cab00000)
 Metaspace       used 6643K, capacity 7320K, committed 7680K, reserved 1056768K
  class space    used 620K, capacity 656K, committed 768K, reserved 1048576K
Event: 4.197 GC heap after
Heap after GC invocations=10 (full 0):
 PSYoungGen      total 870912K, used 115169K [0x000000076ab00000, 0x00000007ad400000, 0x00000007c0000000)
  eden space 755712K, 0% used [0x000000076ab00000,0x000000076ab00000,0x0000000798d00000)
  from space 115200K, 99% used [0x00000007a1f80000,0x00000007a8ff8758,0x00000007a9000000)
  to   space 150016K, 0% used [0x0000000798d00000,0x0000000798d00000,0x00000007a1f80000)
 ParOldGen       total 175104K, used 172095K [0x00000006c0000000, 0x00000006cab00000, 0x000000076ab00000)
  object space 175104K, 98% used [0x00000006c0000000,0x00000006ca80fc70,0x00000006cab00000)
 Metaspace       used 6643K, capacity 7320K, committed 7680K, reserved 1056768K
  class space    used 620K, capacity 656K, committed 768K, reserved 1048576K
}
Event: 4.197 GC heap before
{Heap before GC invocations=11 (full 1):
 PSYoungGen      total 870912K, used 115169K [0x000000076ab00000, 0x00000007ad400000, 0x00000007c0000000)
  eden space 755712K, 0% used [0x000000076ab00000,0x000000076ab00000,0x0000000798d00000)
  from space 115200K, 99% used [0x00000007a1f80000,0x00000007a8ff8758,0x00000007a9000000)
  to   space 150016K, 0% used [0x0000000798d00000,0x0000000798d00000,0x00000007a1f80000)
 ParOldGen       total 175104K, used 172095K [0x00000006c0000000, 0x00000006cab00000, 0x000000076ab00000)
  object space 175104K, 98% used [0x00000006c0000000,0x00000006ca80fc70,0x00000006cab00000)
 Metaspace       used 6643K, capacity 7320K, committed 7680K, reserved 1056768K
  class space    used 620K, capacity 656K, committed 768K, reserved 1048576K

